[debug] [2024-01-05T10:16:50.800Z] ----------------------------------------------------------------------
[debug] [2024-01-05T10:16:50.802Z] Command:       /home/amandeep/.nvm/versions/node/v18.15.0/bin/node /home/amandeep/.nvm/versions/node/v18.15.0/bin/firebase init
[debug] [2024-01-05T10:16:50.803Z] CLI Version:   13.0.2
[debug] [2024-01-05T10:16:50.803Z] Platform:      linux
[debug] [2024-01-05T10:16:50.803Z] Node Version:  v18.15.0
[debug] [2024-01-05T10:16:50.804Z] Time:          Fri Jan 05 2024 15:46:50 GMT+0530 (India Standard Time)
[debug] [2024-01-05T10:16:50.804Z] ----------------------------------------------------------------------
[debug] 
[debug] [2024-01-05T10:16:50.809Z] > command requires scopes: ["email","openid","https://www.googleapis.com/auth/cloudplatformprojects.readonly","https://www.googleapis.com/auth/firebase","https://www.googleapis.com/auth/cloud-platform"]
[debug] [2024-01-05T10:16:50.810Z] > authorizing via signed-in user (a.d.scr71234@gmail.com)
[info] 
     ######## #### ########  ######## ########     ###     ######  ########
     ##        ##  ##     ## ##       ##     ##  ##   ##  ##       ##
     ######    ##  ########  ######   ########  #########  ######  ######
     ##        ##  ##    ##  ##       ##     ## ##     ##       ## ##
     ##       #### ##     ## ######## ########  ##     ##  ######  ########

You're about to initialize a Firebase project in this directory:

  /home/amandeep/spyer-web-app/frontend

[info] 
=== Project Setup
[info] 
[info] First, let's associate this project directory with a Firebase project.
[info] You can create multiple project aliases by running firebase use --add, 
[info] but for now we'll just set up a default project.
[info] 
[debug] [2024-01-05T10:16:57.555Z] >>> [apiv2][query] GET https://firebase.googleapis.com/v1beta1/projects pageSize=100
[debug] [2024-01-05T10:16:58.527Z] <<< [apiv2][status] GET https://firebase.googleapis.com/v1beta1/projects 200
[debug] [2024-01-05T10:16:58.528Z] <<< [apiv2][body] GET https://firebase.googleapis.com/v1beta1/projects [omitted]
[info] i  Using project spyer-io (spyer-io) 
[info] 
=== Hosting Setup
[debug] [2024-01-05T10:17:00.485Z] >>> [apiv2][query] GET https://firebase.googleapis.com/v1beta1/projects/spyer-io [none]
[debug] [2024-01-05T10:17:01.083Z] <<< [apiv2][status] GET https://firebase.googleapis.com/v1beta1/projects/spyer-io 200
[debug] [2024-01-05T10:17:01.083Z] <<< [apiv2][body] GET https://firebase.googleapis.com/v1beta1/projects/spyer-io {"projectId":"spyer-io","projectNumber":"96070642461","displayName":"spyer-io","name":"projects/spyer-io","resources":{"hostingSite":"spyer-io"},"state":"ACTIVE","etag":"1_90647014-286f-489f-a7a3-704e4b92b315"}
[info] 
[info] Your public directory is the folder (relative to your project directory) that
[info] will contain Hosting assets to be uploaded with firebase deploy. If you
[info] have a build process for your assets, use your build's output directory.
[info] 
[debug] [2024-01-05T10:22:13.735Z] >>> [apiv2][query] GET https://www.gstatic.com/firebasejs/releases.json [none]
[debug] [2024-01-05T10:22:13.931Z] <<< [apiv2][status] GET https://www.gstatic.com/firebasejs/releases.json 200
[debug] [2024-01-05T10:22:13.931Z] <<< [apiv2][body] GET https://www.gstatic.com/firebasejs/releases.json {"current":{"version":"10.7.1","browserURL":"https://www.gstatic.com/firebasejs/10.7.1/firebase.js","packageURL":"https://www.gstatic.com/firebasejs/10.7.1/firebase.tgz"},"live":{"version":"10.7","browserURL":"https://www.gstatic.com/firebasejs/live/10.7/firebase.js","packageURL":"https://www.gstatic.com/firebasejs/live/10.7/firebase.tgz"},"components":{"analytics":"https://www.gstatic.com/firebasejs/10.7.1/firebase-analytics.js","app":"https://www.gstatic.com/firebasejs/10.7.1/firebase-app.js","app-check":"https://www.gstatic.com/firebasejs/10.7.1/firebase-app-check.js","auth":"https://www.gstatic.com/firebasejs/10.7.1/firebase-auth.js","auth/cordova":"https://www.gstatic.com/firebasejs/10.7.1/firebase-auth/cordova.js","functions":"https://www.gstatic.com/firebasejs/10.7.1/firebase-functions.js","firestore":"https://www.gstatic.com/firebasejs/10.7.1/firebase-firestore.js","firestore/lite":"https://www.gstatic.com/firebasejs/10.7.1/firebase-firestore/lite.js","installations":"https://www.gstatic.com/firebasejs/10.7.1/firebase-installations.js","storage":"https://www.gstatic.com/firebasejs/10.7.1/firebase-storage.js","performance":"https://www.gstatic.com/firebasejs/10.7.1/firebase-performance.js","remote-config":"https://www.gstatic.com/firebasejs/10.7.1/firebase-remote-config.js","messaging":"https://www.gstatic.com/firebasejs/10.7.1/firebase-messaging.js","messaging/sw":"https://www.gstatic.com/firebasejs/10.7.1/firebase-messaging/sw.js","database":"https://www.gstatic.com/firebasejs/10.7.1/firebase-database.js","firestore.memory":"https://www.gstatic.com/firebasejs/10.7.1/firebase-firestore.memory.js"}}
[info] i  Skipping write of dist/index.html 
[info] 
[info] i  Detected a .git folder at /home/amandeep/spyer-web-app 
[info] i  Authorizing with GitHub to upload your service account to a GitHub repository's secrets store. 
[info] 
[info] Visit this URL on this device to log in:
[info] https://github.com/login/oauth/authorize?client_id=89cf50f02ac6aaed3484&state=612979846&redirect_uri=http%3A%2F%2Flocalhost%3A9005&scope=read%3Auser%20repo%20public_repo
[info] 
[info] Waiting for authentication...
[debug] [2024-01-05T10:22:28.652Z] >>> [apiv2][query] POST https://github.com/login/oauth/access_token [none]
[debug] [2024-01-05T10:22:28.653Z] >>> [apiv2][body] POST https://github.com/login/oauth/access_token [stream]
[debug] [2024-01-05T10:22:29.290Z] <<< [apiv2][status] POST https://github.com/login/oauth/access_token 200
[debug] [2024-01-05T10:22:29.290Z] <<< [apiv2][body] POST https://github.com/login/oauth/access_token {"access_token":"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","token_type":"bearer","scope":"read:user,repo"}
[debug] [2024-01-05T10:22:29.303Z] >>> [apiv2][query] GET https://api.github.com/user [none]
[debug] [2024-01-05T10:22:29.735Z] <<< [apiv2][status] GET https://api.github.com/user 200
[debug] [2024-01-05T10:22:29.735Z] <<< [apiv2][body] GET https://api.github.com/user {"login":"1234Amandeep","id":75825122,"node_id":"MDQ6VXNlcjc1ODI1MTIy","avatar_url":"https://avatars.githubusercontent.com/u/75825122?v=4","gravatar_id":"","url":"https://api.github.com/users/1234Amandeep","html_url":"https://github.com/1234Amandeep","followers_url":"https://api.github.com/users/1234Amandeep/followers","following_url":"https://api.github.com/users/1234Amandeep/following{/other_user}","gists_url":"https://api.github.com/users/1234Amandeep/gists{/gist_id}","starred_url":"https://api.github.com/users/1234Amandeep/starred{/owner}{/repo}","subscriptions_url":"https://api.github.com/users/1234Amandeep/subscriptions","organizations_url":"https://api.github.com/users/1234Amandeep/orgs","repos_url":"https://api.github.com/users/1234Amandeep/repos","events_url":"https://api.github.com/users/1234Amandeep/events{/privacy}","received_events_url":"https://api.github.com/users/1234Amandeep/received_events","type":"User","site_admin":false,"name":"Amandeep singh","company":null,"blog":"","location":null,"email":null,"hireable":null,"bio":null,"twitter_username":null,"public_repos":43,"public_gists":0,"followers":0,"following":1,"created_at":"2020-12-11T05:05:54Z","updated_at":"2023-12-28T03:11:50Z","private_gists":0,"total_private_repos":0,"owned_private_repos":0,"disk_usage":22874,"collaborators":0,"two_factor_authentication":false,"plan":{"name":"free","space":976562499,"collaborators":0,"private_repos":10000}}
[info] 
[info] ✔  Success! Logged into GitHub as 1234Amandeep 
[info] 
